<?xml version="1.0" encoding="UTF-8"?>
<testsuite name="(empty)"
	tests="4"
	failures="0"
	disabled="0"
	skipped="0"
	hostname=""
	time="0"
	timestamp="2024-02-26T16:21:30"
	>
	<testcase name="utility_tests" classname="utility_tests" time="0.0295801" status="run">
		<system-out>Running main() from /mnt/c/Users/Bera/Desktop/ce100-ahmetbera-celik-homeworkproject/src/tests/googletest/googletest/src/gtest_main.cc
[==========] Running 0 tests from 0 test suites.
[==========] 0 tests from 0 test suites ran. (0 ms total)
[  PASSED  ] 0 tests.
</system-out>
	</testcase>
	<testcase name="ProjectTest.InsertionSortTest" classname="ProjectTest.InsertionSortTest" time="0.0228737" status="run">
		<system-out>Note: Google Test filter = ProjectTest.InsertionSortTest
[==========] Running 1 test from 1 test suite.
[----------] Global test environment set-up.
[----------] 1 test from ProjectTest
[ RUN      ] ProjectTest.InsertionSortTest
[       OK ] ProjectTest.InsertionSortTest (0 ms)
[----------] 1 test from ProjectTest (0 ms total)

[----------] Global test environment tear-down
[==========] 1 test from 1 test suite ran. (0 ms total)
[  PASSED  ] 1 test.
</system-out>
	</testcase>
	<testcase name="ProjectTest.ValidInputTest" classname="ProjectTest.ValidInputTest" time="0.0162484" status="run">
		<system-out>Note: Google Test filter = ProjectTest.ValidInputTest
[==========] Running 1 test from 1 test suite.
[----------] Global test environment set-up.
[----------] 1 test from ProjectTest
[ RUN      ] ProjectTest.ValidInputTest
[       OK ] ProjectTest.ValidInputTest (0 ms)
[----------] 1 test from ProjectTest (0 ms total)

[----------] Global test environment tear-down
[==========] 1 test from 1 test suite ran. (0 ms total)
[  PASSED  ] 1 test.
</system-out>
	</testcase>
	<testcase name="ProjectTest.NonNumberInputTest" classname="ProjectTest.NonNumberInputTest" time="0.0163888" status="run">
		<system-out>Note: Google Test filter = ProjectTest.NonNumberInputTest
[==========] Running 1 test from 1 test suite.
[----------] Global test environment set-up.
[----------] 1 test from ProjectTest
[ RUN      ] ProjectTest.NonNumberInputTest
[       OK ] ProjectTest.NonNumberInputTest (0 ms)
[----------] 1 test from ProjectTest (0 ms total)

[----------] Global test environment tear-down
[==========] 1 test from 1 test suite ran. (0 ms total)
[  PASSED  ] 1 test.
</system-out>
	</testcase>
</testsuite>
