<?xml version="1.0" encoding="UTF-8"?>
<testsuite name="(empty)"
	tests="7"
	failures="0"
	disabled="0"
	skipped="0"
	hostname=""
	time="0"
	timestamp="2024-02-26T18:39:13"
	>
	<testcase name="utility_tests" classname="utility_tests" time="0.0310913" status="run">
		<system-out>Running main() from /mnt/c/Users/Bera/Desktop/ce100-ahmetbera-celik-homeworkproject/src/tests/googletest/googletest/src/gtest_main.cc
[==========] Running 0 tests from 0 test suites.
[==========] 0 tests from 0 test suites ran. (0 ms total)
[  PASSED  ] 0 tests.
</system-out>
	</testcase>
	<testcase name="ProjectTest.InsertionSortTest" classname="ProjectTest.InsertionSortTest" time="0.0331995" status="run">
		<system-out>Note: Google Test filter = ProjectTest.InsertionSortTest
[==========] Running 1 test from 1 test suite.
[----------] Global test environment set-up.
[----------] 1 test from ProjectTest
[ RUN      ] ProjectTest.InsertionSortTest
[       OK ] ProjectTest.InsertionSortTest (0 ms)
[----------] 1 test from ProjectTest (0 ms total)

[----------] Global test environment tear-down
[==========] 1 test from 1 test suite ran. (0 ms total)
[  PASSED  ] 1 test.
</system-out>
	</testcase>
	<testcase name="ProjectTest.MergeFunctionTest" classname="ProjectTest.MergeFunctionTest" time="0.0351025" status="run">
		<system-out>Note: Google Test filter = ProjectTest.MergeFunctionTest
[==========] Running 1 test from 1 test suite.
[----------] Global test environment set-up.
[----------] 1 test from ProjectTest
[ RUN      ] ProjectTest.MergeFunctionTest
[       OK ] ProjectTest.MergeFunctionTest (0 ms)
[----------] 1 test from ProjectTest (0 ms total)

[----------] Global test environment tear-down
[==========] 1 test from 1 test suite ran. (0 ms total)
[  PASSED  ] 1 test.
</system-out>
	</testcase>
	<testcase name="ProjectTest.MergeSortFunctionTest" classname="ProjectTest.MergeSortFunctionTest" time="0.0360567" status="run">
		<system-out>Note: Google Test filter = ProjectTest.MergeSortFunctionTest
[==========] Running 1 test from 1 test suite.
[----------] Global test environment set-up.
[----------] 1 test from ProjectTest
[ RUN      ] ProjectTest.MergeSortFunctionTest
Merged array from 0 to 1: 4 5 
Merged array from 0 to 2: 3 4 5 
Merged array from 3 to 4: 1 2 
Merged array from 0 to 4: 1 2 3 4 5 
[       OK ] ProjectTest.MergeSortFunctionTest (0 ms)
[----------] 1 test from ProjectTest (0 ms total)

[----------] Global test environment tear-down
[==========] 1 test from 1 test suite ran. (0 ms total)
[  PASSED  ] 1 test.
</system-out>
	</testcase>
	<testcase name="ProjectTest.MergeSortPrintArrayTest" classname="ProjectTest.MergeSortPrintArrayTest" time="0.0263615" status="run">
		<system-out>Note: Google Test filter = ProjectTest.MergeSortPrintArrayTest
[==========] Running 1 test from 1 test suite.
[----------] Global test environment set-up.
[----------] 1 test from ProjectTest
[ RUN      ] ProjectTest.MergeSortPrintArrayTest
[       OK ] ProjectTest.MergeSortPrintArrayTest (0 ms)
[----------] 1 test from ProjectTest (0 ms total)

[----------] Global test environment tear-down
[==========] 1 test from 1 test suite ran. (0 ms total)
[  PASSED  ] 1 test.
</system-out>
	</testcase>
	<testcase name="ProjectTest.ValidInputTest" classname="ProjectTest.ValidInputTest" time="0.0182838" status="run">
		<system-out>Note: Google Test filter = ProjectTest.ValidInputTest
[==========] Running 1 test from 1 test suite.
[----------] Global test environment set-up.
[----------] 1 test from ProjectTest
[ RUN      ] ProjectTest.ValidInputTest
Merged array from 0 to 1: 3 7 
Merged array from 0 to 2: 3 7 8 
Merged array from 3 to 4: 47 96 
Merged array from 0 to 4: 3 7 8 47 96 
[       OK ] ProjectTest.ValidInputTest (0 ms)
[----------] 1 test from ProjectTest (0 ms total)

[----------] Global test environment tear-down
[==========] 1 test from 1 test suite ran. (0 ms total)
[  PASSED  ] 1 test.
</system-out>
	</testcase>
	<testcase name="ProjectTest.NonNumberInputTest" classname="ProjectTest.NonNumberInputTest" time="0.0155038" status="run">
		<system-out>Note: Google Test filter = ProjectTest.NonNumberInputTest
[==========] Running 1 test from 1 test suite.
[----------] Global test environment set-up.
[----------] 1 test from ProjectTest
[ RUN      ] ProjectTest.NonNumberInputTest
Merged array from 0 to 1: 3 7 
Merged array from 0 to 2: 3 7 8 
Merged array from 3 to 4: 47 96 
Merged array from 0 to 4: 3 7 8 47 96 
[       OK ] ProjectTest.NonNumberInputTest (0 ms)
[----------] 1 test from ProjectTest (0 ms total)

[----------] Global test environment tear-down
[==========] 1 test from 1 test suite ran. (0 ms total)
[  PASSED  ] 1 test.
</system-out>
	</testcase>
</testsuite>
