SF:/mnt/c/Users/Bera/Desktop/ce100-ahmetbera-celik-homeworkproject/src/tests/project/project_test.cpp
DA:9,0
DA:10,0
DA:11,0
DA:15,0
DA:18,0
DA:7,0
DA:24,0
DA:40,0
DA:51,0
DA:60,0
DA:68,0
DA:88,0
DA:116,1
DA:1,0
end_of_record
SF:/mnt/c/Users/Bera/Desktop/ce100-ahmetbera-celik-homeworkproject/[generated]
DA:1,0
end_of_record
SF:/mnt/c/Users/Bera/Desktop/ce100-ahmetbera-celik-homeworkproject/README.md
DA:1,0
end_of_record
SF:/mnt/c/Users/Bera/Desktop/ce100-ahmetbera-celik-homeworkproject/src/tests/utility/utility_test.cpp
DA:1,0
end_of_record
