SF:C:\Users\Bera\Desktop\ce100-ahmetbera-celik-homeworkproject\README.md
DA:1,0
end_of_record
SF:C:\Users\Bera\Desktop\ce100-ahmetbera-celik-homeworkproject\src\project\header\project.h
DA:11,0
DA:13,1
DA:15,0
DA:17,0
DA:19,0
DA:1,1
end_of_record
SF:C:\Users\Bera\Desktop\ce100-ahmetbera-celik-homeworkproject\src\project\src\insertionsort.cpp
DA:13,1
DA:1,0
end_of_record
SF:C:\Users\Bera\Desktop\ce100-ahmetbera-celik-homeworkproject\src\project\src\mergesort.cpp
DA:3,0
DA:52,0
DA:62,0
DA:1,0
end_of_record
SF:C:\Users\Bera\Desktop\ce100-ahmetbera-celik-homeworkproject\src\project\src\project.cpp
DA:4,0
DA:1,0
end_of_record
SF:C:\Users\Bera\Desktop\ce100-ahmetbera-celik-homeworkproject\src\projectapp\header\projectapp.h
DA:1,1
end_of_record
SF:C:\Users\Bera\Desktop\ce100-ahmetbera-celik-homeworkproject\src\projectapp\src\projectapp.cpp
DA:11,0
DA:1,1
end_of_record
SF:C:\Users\Bera\Desktop\ce100-ahmetbera-celik-homeworkproject\src\utility\header\commonTypes.h
DA:1,0
end_of_record
SF:C:\Users\Bera\Desktop\ce100-ahmetbera-celik-homeworkproject\src\utility\header\mathUtility.h
DA:1,0
end_of_record
SF:C:\Users\Bera\Desktop\ce100-ahmetbera-celik-homeworkproject\src\utility\src\mathUtility.cpp
DA:1,0
end_of_record
