SF:C:\Users\Bera\Desktop\ce100-ahmetbera-celik-homeworkproject\README.md
DA:1,0
end_of_record
SF:C:\Users\Bera\Desktop\ce100-ahmetbera-celik-homeworkproject\src\project\header\insertionsort.h
DA:9,0
DA:11,1
DA:1,1
end_of_record
SF:C:\Users\Bera\Desktop\ce100-ahmetbera-celik-homeworkproject\src\project\header\project.h
DA:10,0
DA:1,1
end_of_record
SF:C:\Users\Bera\Desktop\ce100-ahmetbera-celik-homeworkproject\src\project\src\insertionsort.cpp
DA:14,1
DA:1,0
end_of_record
SF:C:\Users\Bera\Desktop\ce100-ahmetbera-celik-homeworkproject\src\project\src\project.cpp
DA:5,0
DA:1,0
end_of_record
SF:C:\Users\Bera\Desktop\ce100-ahmetbera-celik-homeworkproject\src\projectapp\header\projectapp.h
DA:1,1
end_of_record
SF:C:\Users\Bera\Desktop\ce100-ahmetbera-celik-homeworkproject\src\projectapp\src\projectapp.cpp
DA:13,0
DA:1,1
end_of_record
SF:C:\Users\Bera\Desktop\ce100-ahmetbera-celik-homeworkproject\src\utility\header\commonTypes.h
DA:1,0
end_of_record
SF:C:\Users\Bera\Desktop\ce100-ahmetbera-celik-homeworkproject\src\utility\header\mathUtility.h
DA:1,0
end_of_record
SF:C:\Users\Bera\Desktop\ce100-ahmetbera-celik-homeworkproject\src\utility\src\mathUtility.cpp
DA:1,0
end_of_record
